[0.006s] Invoking command in '/home/katsu/s_turtlebot_ws/src/s_turtlebot_package/build/s_turtlebot_package': CMAKE_PREFIX_PATH=/opt/ros/humble /usr/bin/cmake /home/katsu/s_turtlebot_ws/src/s_turtlebot_package -DAMENT_CMAKE_SYMLINK_INSTALL=1 -DCMAKE_INSTALL_PREFIX=/home/katsu/s_turtlebot_ws/src/s_turtlebot_package/install/s_turtlebot_package
[0.195s] -- The C compiler identification is GNU 11.4.0
[0.295s] -- The CXX compiler identification is GNU 11.4.0
[0.303s] -- Detecting C compiler ABI info
[0.458s] -- Detecting C compiler ABI info - done
[0.470s] -- Check for working C compiler: /usr/bin/cc - skipped
[0.472s] -- Detecting C compile features
[0.474s] -- Detecting C compile features - done
[0.480s] -- Detecting CXX compiler ABI info
[0.578s] -- Detecting CXX compiler ABI info - done
[0.583s] -- Check for working CXX compiler: /usr/bin/c++ - skipped
[0.583s] -- Detecting CXX compile features
[0.584s] -- Detecting CXX compile features - done
[0.588s] -- Found ament_cmake: 1.3.11 (/opt/ros/humble/share/ament_cmake/cmake)
[0.737s] -- Found Python3: /usr/bin/python3 (found version "3.10.12") found components: Interpreter 
[0.792s] -- Override CMake install command with custom implementation using symlinks instead of copying resources
[0.823s] -- Found ament_lint_auto: 0.12.11 (/opt/ros/humble/share/ament_lint_auto/cmake)
[0.881s] [31mCMake Error at /opt/ros/humble/share/ament_cmake_core/cmake/core/ament_package_xml.cmake:53 (message):
[0.881s]   ament_package_xml() package name 's_turtlebot_package' in '/package.xml'
[0.881s]   does not match current PROJECT_NAME 'smoke_bot'.  You must call project()
[0.881s]   with the same package name before.
[0.881s] Call Stack (most recent call first):
[0.881s]   /opt/ros/humble/share/ament_lint_auto/cmake/ament_lint_auto_find_test_dependencies.cmake:31 (ament_package_xml)
[0.881s]   CMakeLists.txt:32 (ament_lint_auto_find_test_dependencies)
[0.881s] 
[0.881s] [0m
[0.882s] -- Configuring incomplete, errors occurred!
[0.882s] See also "/home/katsu/s_turtlebot_ws/src/s_turtlebot_package/build/s_turtlebot_package/CMakeFiles/CMakeOutput.log".
[0.885s] Invoked command in '/home/katsu/s_turtlebot_ws/src/s_turtlebot_package/build/s_turtlebot_package' returned '1': CMAKE_PREFIX_PATH=/opt/ros/humble /usr/bin/cmake /home/katsu/s_turtlebot_ws/src/s_turtlebot_package -DAMENT_CMAKE_SYMLINK_INSTALL=1 -DCMAKE_INSTALL_PREFIX=/home/katsu/s_turtlebot_ws/src/s_turtlebot_package/install/s_turtlebot_package
