[0.006s] Invoking command in '/home/katsu/s_turtlebot_ws/src/s_turtlebot/build/s_turtlebot': CMAKE_PREFIX_PATH=/opt/ros/humble /usr/bin/cmake /home/katsu/s_turtlebot_ws/src/s_turtlebot -DAMENT_CMAKE_SYMLINK_INSTALL=1 -DCMAKE_INSTALL_PREFIX=/home/katsu/s_turtlebot_ws/src/s_turtlebot/install/s_turtlebot
[0.067s] -- The C compiler identification is GNU 11.4.0
[0.138s] -- The CXX compiler identification is GNU 11.4.0
[0.145s] -- Detecting C compiler ABI info
[0.248s] -- Detecting C compiler ABI info - done
[0.260s] -- Check for working C compiler: /usr/bin/cc - skipped
[0.261s] -- Detecting C compile features
[0.261s] -- Detecting C compile features - done
[0.264s] -- Detecting CXX compiler ABI info
[0.402s] -- Detecting CXX compiler ABI info - done
[0.407s] -- Check for working CXX compiler: /usr/bin/c++ - skipped
[0.408s] -- Detecting CXX compile features
[0.408s] -- Detecting CXX compile features - done
[0.409s] -- Found ament_cmake: 1.3.11 (/opt/ros/humble/share/ament_cmake/cmake)
[0.532s] -- Found Python3: /usr/bin/python3 (found version "3.10.12") found components: Interpreter 
[0.570s] -- Override CMake install command with custom implementation using symlinks instead of copying resources
[0.584s] -- Found ament_lint_auto: 0.12.11 (/opt/ros/humble/share/ament_lint_auto/cmake)
[0.650s] -- Added test 'copyright' to check source files copyright and LICENSE
[0.660s] -- Added test 'cppcheck' to perform static code analysis on C / C++ code
[0.660s] -- Configured cppcheck include dirs: 
[0.660s] -- Configured cppcheck exclude dirs and/or files: 
[0.666s] -- Added test 'cpplint' to check C / C++ code against the Google style
[0.666s] -- Configured cpplint exclude dirs and/or files: 
[0.667s] -- Added test 'flake8' to check Python code syntax and style conventions
[0.669s] -- Added test 'lint_cmake' to check CMake code style
[0.670s] -- Added test 'pep257' to check Python code against some of the docstring style conventions in PEP 257
[0.676s] -- Added test 'uncrustify' to check C / C++ code style
[0.676s] -- Configured uncrustify additional arguments: 
[0.677s] -- Added test 'xmllint' to check XML markup files
[0.678s] -- Configuring done
[0.679s] -- Generating done
[0.680s] -- Build files have been written to: /home/katsu/s_turtlebot_ws/src/s_turtlebot/build/s_turtlebot
[0.683s] Invoked command in '/home/katsu/s_turtlebot_ws/src/s_turtlebot/build/s_turtlebot' returned '0': CMAKE_PREFIX_PATH=/opt/ros/humble /usr/bin/cmake /home/katsu/s_turtlebot_ws/src/s_turtlebot -DAMENT_CMAKE_SYMLINK_INSTALL=1 -DCMAKE_INSTALL_PREFIX=/home/katsu/s_turtlebot_ws/src/s_turtlebot/install/s_turtlebot
[0.684s] Invoking command in '/home/katsu/s_turtlebot_ws/src/s_turtlebot/build/s_turtlebot': CMAKE_PREFIX_PATH=/opt/ros/humble /usr/bin/cmake --build /home/katsu/s_turtlebot_ws/src/s_turtlebot/build/s_turtlebot -- -j16 -l16
[0.736s] Invoked command in '/home/katsu/s_turtlebot_ws/src/s_turtlebot/build/s_turtlebot' returned '0': CMAKE_PREFIX_PATH=/opt/ros/humble /usr/bin/cmake --build /home/katsu/s_turtlebot_ws/src/s_turtlebot/build/s_turtlebot -- -j16 -l16
[0.758s] Invoking command in '/home/katsu/s_turtlebot_ws/src/s_turtlebot/build/s_turtlebot': CMAKE_PREFIX_PATH=/opt/ros/humble /usr/bin/cmake --install /home/katsu/s_turtlebot_ws/src/s_turtlebot/build/s_turtlebot
[0.768s] -- Install configuration: ""
[0.769s] -- Execute custom install script
[0.770s] -- Symlinking: /home/katsu/s_turtlebot_ws/src/s_turtlebot/install/s_turtlebot/share/s_turtlebot/description/robot.urdf.xacro
[0.785s] -- Symlinking: /home/katsu/s_turtlebot_ws/src/s_turtlebot/install/s_turtlebot/share/s_turtlebot/description/robot_core.xacro
[0.800s] -- Symlinking: /home/katsu/s_turtlebot_ws/src/s_turtlebot/install/s_turtlebot/share/s_turtlebot/launch/rsp.launch.py
[0.808s] -- Symlinking: /home/katsu/s_turtlebot_ws/src/s_turtlebot/install/s_turtlebot/share/s_turtlebot/worlds/empty.world
[0.817s] -- Symlinking: /home/katsu/s_turtlebot_ws/src/s_turtlebot/install/s_turtlebot/share/ament_index/resource_index/package_run_dependencies/s_turtlebot
[0.827s] -- Symlinking: /home/katsu/s_turtlebot_ws/src/s_turtlebot/install/s_turtlebot/share/ament_index/resource_index/parent_prefix_path/s_turtlebot
[0.838s] -- Symlinking: /home/katsu/s_turtlebot_ws/src/s_turtlebot/install/s_turtlebot/share/s_turtlebot/environment/ament_prefix_path.sh
[0.858s] -- Symlinking: /home/katsu/s_turtlebot_ws/src/s_turtlebot/install/s_turtlebot/share/s_turtlebot/environment/ament_prefix_path.dsv
[0.875s] -- Symlinking: /home/katsu/s_turtlebot_ws/src/s_turtlebot/install/s_turtlebot/share/s_turtlebot/environment/path.sh
[0.882s] -- Symlinking: /home/katsu/s_turtlebot_ws/src/s_turtlebot/install/s_turtlebot/share/s_turtlebot/environment/path.dsv
[0.889s] -- Symlinking: /home/katsu/s_turtlebot_ws/src/s_turtlebot/install/s_turtlebot/share/s_turtlebot/local_setup.bash
[0.897s] -- Symlinking: /home/katsu/s_turtlebot_ws/src/s_turtlebot/install/s_turtlebot/share/s_turtlebot/local_setup.sh
[0.903s] -- Symlinking: /home/katsu/s_turtlebot_ws/src/s_turtlebot/install/s_turtlebot/share/s_turtlebot/local_setup.zsh
[0.910s] -- Symlinking: /home/katsu/s_turtlebot_ws/src/s_turtlebot/install/s_turtlebot/share/s_turtlebot/local_setup.dsv
[0.922s] -- Symlinking: /home/katsu/s_turtlebot_ws/src/s_turtlebot/install/s_turtlebot/share/s_turtlebot/package.dsv
[0.934s] -- Symlinking: /home/katsu/s_turtlebot_ws/src/s_turtlebot/install/s_turtlebot/share/ament_index/resource_index/packages/s_turtlebot
[0.950s] -- Symlinking: /home/katsu/s_turtlebot_ws/src/s_turtlebot/install/s_turtlebot/share/s_turtlebot/cmake/s_turtlebotConfig.cmake
[0.959s] -- Symlinking: /home/katsu/s_turtlebot_ws/src/s_turtlebot/install/s_turtlebot/share/s_turtlebot/cmake/s_turtlebotConfig-version.cmake
[0.969s] -- Symlinking: /home/katsu/s_turtlebot_ws/src/s_turtlebot/install/s_turtlebot/share/s_turtlebot/package.xml
[0.994s] Invoked command in '/home/katsu/s_turtlebot_ws/src/s_turtlebot/build/s_turtlebot' returned '0': CMAKE_PREFIX_PATH=/opt/ros/humble /usr/bin/cmake --install /home/katsu/s_turtlebot_ws/src/s_turtlebot/build/s_turtlebot
